jsii.errors.JavaScriptError: 
  Error: ENOSPC: no space left on device, copyfile '/home/subh/Desktop/amazon/amazon-hackathon/Service 3 Fraud & Trust Engine/infra/.venv/bin/python3' -> '/tmp/cdk.outqtHaYK/asset.39e859cfb3e3864bf5636759fcfd47b7aad764318d0f6c1935220909117d2979/infra/.venv/bin/python3'
      at Object.copyFileSync (node:fs:3104:11)
      at copyDirectory (/tmp/jsii-kernel-KngEIi/node_modules/aws-cdk-lib/core/lib/fs/copy.js:1:1499)
      at copyDirectory (/tmp/jsii-kernel-KngEIi/node_modules/aws-cdk-lib/core/lib/fs/copy.js:1:1400)
      at copyDirectory (/tmp/jsii-kernel-KngEIi/node_modules/aws-cdk-lib/core/lib/fs/copy.js:1:1400)
      at copyDirectory (/tmp/jsii-kernel-KngEIi/node_modules/aws-cdk-lib/core/lib/fs/copy.js:1:1400)
      at FileSystem.copyDirectory (/tmp/jsii-kernel-KngEIi/node_modules/aws-cdk-lib/core/lib/fs/index.js:1:2448)
      at AssetStaging.stageAsset (/tmp/jsii-kernel-KngEIi/node_modules/aws-cdk-lib/core/lib/asset-staging.js:1:6573)
      at AssetStaging.stageByCopying (/tmp/jsii-kernel-KngEIi/node_modules/aws-cdk-lib/core/lib/asset-staging.js:1:4226)
      at stageThisAsset (/tmp/jsii-kernel-KngEIi/node_modules/aws-cdk-lib/core/lib/asset-staging.js:1:2788)
      at Cache.obtain (/tmp/jsii-kernel-KngEIi/node_modules/aws-cdk-lib/core/lib/private/cache.js:1:242)

The above exception was the direct cause of the following exception:

Traceback (most recent call last):
  File "/home/subh/Desktop/amazon/amazon-hackathon/Service 3 Fraud & Trust Engine/infra/app.py", line 10, in <module>
    InfraStack(app, "InfraStack",
    ~~~~~~~~~~^^^^^^^^^^^^^^^^^^^
        # If you don't specify 'env', this stack will be environment-agnostic.
        ^^^^^^^^^^^^^^^^^^^^^^^^^^^^^^^^^^^^^^^^^^^^^^^^^^^^^^^^^^^^^^^^^^^^^^
    ...<13 lines>...
        # For more information, see https://docs.aws.amazon.com/cdk/latest/guide/environments.html
        ^^^^^^^^^^^^^^^^^^^^^^^^^^^^^^^^^^^^^^^^^^^^^^^^^^^^^^^^^^^^^^^^^^^^^^^^^^^^^^^^^^^^^^^^^^
        )
        ^
  File "/home/subh/Desktop/amazon/amazon-hackathon/Service 3 Fraud & Trust Engine/infra/.venv/lib/python3.13/site-packages/jsii/_runtime.py", line 135, in __call__
    inst = super(JSIIMeta, cast(JSIIMeta, cls)).__call__(*args, **kwargs)
  File "/home/subh/Desktop/amazon/amazon-hackathon/Service 3 Fraud & Trust Engine/infra/infra/infra_stack.py", line 27, in __init__
    fraud_service = ecs_patterns.ApplicationLoadBalancedFargateService(self, "FraudEngineService",
        cluster=cluster,
    ...<12 lines>...
        public_load_balancer=True
    )
  File "/home/subh/Desktop/amazon/amazon-hackathon/Service 3 Fraud & Trust Engine/infra/.venv/lib/python3.13/site-packages/jsii/_runtime.py", line 135, in __call__
    inst = super(JSIIMeta, cast(JSIIMeta, cls)).__call__(*args, **kwargs)
  File "/home/subh/Desktop/amazon/amazon-hackathon/Service 3 Fraud & Trust Engine/infra/.venv/lib/python3.13/site-packages/aws_cdk/aws_ecs_patterns/__init__.py", line 8201, in __init__
    jsii.create(self.__class__, self, [scope, id, props])
    ~~~~~~~~~~~^^^^^^^^^^^^^^^^^^^^^^^^^^^^^^^^^^^^^^^^^^
  File "/home/subh/Desktop/amazon/amazon-hackathon/Service 3 Fraud & Trust Engine/infra/.venv/lib/python3.13/site-packages/jsii/_kernel/__init__.py", line 334, in create
    response = self.provider.create(
        CreateRequest(
    ...<7 lines>...
        )
    )
  File "/home/subh/Desktop/amazon/amazon-hackathon/Service 3 Fraud & Trust Engine/infra/.venv/lib/python3.13/site-packages/jsii/_kernel/providers/process.py", line 366, in create
    return self._process.send(request, CreateResponse)
           ~~~~~~~~~~~~~~~~~~^^^^^^^^^^^^^^^^^^^^^^^^^
  File "/home/subh/Desktop/amazon/amazon-hackathon/Service 3 Fraud & Trust Engine/infra/.venv/lib/python3.13/site-packages/jsii/_kernel/providers/process.py", line 343, in send
    raise RuntimeError(resp.error) from JavaScriptError(resp.stack)
RuntimeError: ENOSPC: no space left on device, copyfile '/home/subh/Desktop/amazon/amazon-hackathon/Service 3 Fraud & Trust Engine/infra/.venv/bin/python3' -> '/tmp/cdk.outqtHaYK/asset.39e859cfb3e3864bf5636759fcfd47b7aad764318d0f6c1935220909117d2979/infra/.venv/bin/python3'
